2025-07-17 13:50:44,875 - INFO - training data size=7445
2025-07-17 13:50:44,875 - INFO - ----start training-----

2025-07-17 13:50:44,876 - INFO - epoch=[1/5]
2025-07-17 14:07:25,904 - INFO - [Epoch 1] Avg Train Acc: 0.8217, Avg F1: 0.8194
2025-07-17 14:07:25,917 - INFO - Saved best model to pth/qam_weibo_epoch1.pth with F1: 0.8194
2025-07-17 14:07:26,052 - INFO - training loss : similarity_loss=0.453806    detection_loss=0.256205
2025-07-17 14:07:26,053 - INFO - training time=16m41s
2025-07-17 14:07:26,053 - INFO - epoch=[2/5]
2025-07-17 14:24:12,332 - INFO - [Epoch 2] Avg Train Acc: 0.8960, Avg F1: 0.8950
2025-07-17 14:24:12,346 - INFO - Saved best model to pth/qam_weibo_epoch2.pth with F1: 0.8950
2025-07-17 14:24:12,486 - INFO - training loss : similarity_loss=0.422642    detection_loss=0.250930
2025-07-17 14:24:12,487 - INFO - training time=16m46s
2025-07-17 14:24:12,488 - INFO - epoch=[3/5]
2025-07-17 14:41:31,167 - INFO - [Epoch 3] Avg Train Acc: 0.9011, Avg F1: 0.9001
2025-07-17 14:41:31,182 - INFO - Saved best model to pth/qam_weibo_epoch3.pth with F1: 0.9001
2025-07-17 14:41:31,355 - INFO - training loss : similarity_loss=0.287808    detection_loss=0.377804
2025-07-17 14:41:31,355 - INFO - training time=17m18s
2025-07-17 14:41:31,356 - INFO - epoch=[4/5]
2025-07-17 14:58:19,831 - INFO - [Epoch 4] Avg Train Acc: 0.9048, Avg F1: 0.9040
2025-07-17 14:58:19,848 - INFO - Saved best model to pth/qam_weibo_epoch4.pth with F1: 0.9040
2025-07-17 14:58:19,997 - INFO - training loss : similarity_loss=0.354311    detection_loss=0.255126
2025-07-17 14:58:19,998 - INFO - training time=16m48s
2025-07-17 14:58:19,999 - INFO - epoch=[5/5]
2025-07-17 15:14:53,624 - INFO - [Epoch 5] Avg Train Acc: 0.9037, Avg F1: 0.9028
2025-07-17 15:14:53,764 - INFO - training loss : similarity_loss=0.355226    detection_loss=0.203775
2025-07-17 15:14:53,764 - INFO - training time=16m33s
2025-07-17 15:14:53,791 - INFO - Loaded best model from pth/qam_weibo_epoch4.pth
2025-07-17 15:15:58,411 - INFO - training data size=7445
2025-07-17 15:15:58,412 - INFO - test data size=1969
2025-07-17 15:15:58,412 - INFO - test result: accuracy=0.825292    precision=0.806513    recall=0.855691    f1=0.830375
