2025-08-10 15:21:31,709 - INFO - training data size=7445
2025-08-10 15:21:31,709 - INFO - ----start training-----

2025-08-10 15:21:31,709 - INFO - epoch=[1/3]
2025-08-10 15:37:52,839 - INFO - [Epoch 1] Avg Train Acc: 0.9589, Avg F1: 0.9568
2025-08-10 15:37:52,853 - INFO - Saved best model to pth/qaf4b_3_weibo_6e_4_64_epoch1.pth with F1: 0.9568
2025-08-10 15:37:53,001 - INFO - training loss : similarity_loss=0.478830    detection_loss=0.024931
2025-08-10 15:37:53,002 - INFO - training time=16m21s
2025-08-10 15:37:53,002 - INFO - epoch=[2/3]
2025-08-10 15:54:29,555 - INFO - [Epoch 2] Avg Train Acc: 0.9908, Avg F1: 0.9906
2025-08-10 15:54:29,569 - INFO - Saved best model to pth/qaf4b_3_weibo_6e_4_64_epoch2.pth with F1: 0.9906
2025-08-10 15:54:29,705 - INFO - training loss : similarity_loss=0.423264    detection_loss=0.019627
2025-08-10 15:54:29,705 - INFO - training time=16m36s
2025-08-10 15:54:29,706 - INFO - epoch=[3/3]
2025-08-10 16:10:28,204 - INFO - [Epoch 3] Avg Train Acc: 0.9914, Avg F1: 0.9912
2025-08-10 16:10:28,218 - INFO - Saved best model to pth/qaf4b_3_weibo_6e_4_64_epoch3.pth with F1: 0.9912
2025-08-10 16:10:28,349 - INFO - training loss : similarity_loss=0.372961    detection_loss=0.048577
2025-08-10 16:10:28,350 - INFO - training time=15m58s
2025-08-10 16:10:28,392 - INFO - Loaded best model from pth/qaf4b_3_weibo_6e_4_64_epoch3.pth
2025-08-10 16:11:41,098 - INFO - 
              precision    recall  f1-score   support

   Non-Rumor      0.884     0.874     0.879       985
       Rumor      0.875     0.885     0.880       984

    accuracy                          0.880      1969
   macro avg      0.880     0.880     0.880      1969
weighted avg      0.880     0.880     0.880      1969

2025-08-10 16:11:41,104 - INFO - training data size=7445
2025-08-10 16:11:41,105 - INFO - test data size=1969
2025-08-10 16:11:41,105 - INFO - test result: accuracy=0.879634    precision=0.875377    recall=0.885163    f1=0.880243
