2025-07-15 19:46:00,743 - INFO - training data size=7445
2025-07-15 19:46:00,743 - INFO - ----start training-----

2025-07-15 19:46:00,743 - INFO - epoch=[1/5]
2025-07-15 20:02:38,381 - INFO - [Epoch 1] Avg Train Acc: 0.7927, Avg F1: 0.7887
2025-07-15 20:02:38,397 - INFO - Saved best model to pth/qam_weibo_epoch1.pth with F1: 0.7887
2025-07-15 20:02:38,539 - INFO - training loss : similarity_loss=0.491259    detection_loss=0.259937
2025-07-15 20:02:38,540 - INFO - training time=16m37s
2025-07-15 20:02:38,542 - INFO - epoch=[2/5]
2025-07-15 20:18:37,490 - INFO - [Epoch 2] Avg Train Acc: 0.8829, Avg F1: 0.8820
2025-07-15 20:18:37,503 - INFO - Saved best model to pth/qam_weibo_epoch2.pth with F1: 0.8820
2025-07-15 20:18:37,638 - INFO - training loss : similarity_loss=0.416038    detection_loss=0.398290
2025-07-15 20:18:37,638 - INFO - training time=15m59s
2025-07-15 20:18:37,641 - INFO - epoch=[3/5]
2025-07-15 20:34:16,016 - INFO - [Epoch 3] Avg Train Acc: 0.8881, Avg F1: 0.8872
2025-07-15 20:34:16,027 - INFO - Saved best model to pth/qam_weibo_epoch3.pth with F1: 0.8872
2025-07-15 20:34:16,194 - INFO - training loss : similarity_loss=0.428669    detection_loss=0.328526
2025-07-15 20:34:16,194 - INFO - training time=15m38s
2025-07-15 20:34:16,197 - INFO - epoch=[4/5]
2025-07-15 20:49:35,112 - INFO - [Epoch 4] Avg Train Acc: 0.8887, Avg F1: 0.8879
2025-07-15 20:49:35,125 - INFO - Saved best model to pth/qam_weibo_epoch4.pth with F1: 0.8879
2025-07-15 20:49:35,260 - INFO - training loss : similarity_loss=0.427462    detection_loss=0.326573
2025-07-15 20:49:35,260 - INFO - training time=15m19s
2025-07-15 20:49:35,263 - INFO - epoch=[5/5]
2025-07-15 21:04:42,190 - INFO - [Epoch 5] Avg Train Acc: 0.8905, Avg F1: 0.8897
2025-07-15 21:04:42,202 - INFO - Saved best model to pth/qam_weibo_epoch5.pth with F1: 0.8897
2025-07-15 21:04:42,335 - INFO - training loss : similarity_loss=0.367449    detection_loss=0.195398
2025-07-15 21:04:42,337 - INFO - training time=15m7s
2025-07-15 21:04:42,363 - INFO - Loaded best model from pth/qam_weibo_epoch5.pth
2025-07-15 21:05:48,135 - INFO - training data size=7445
2025-07-15 21:05:48,136 - INFO - test data size=1969
2025-07-15 21:05:48,136 - INFO - test result: accuracy=0.820213    precision=0.807018    recall=0.841463    f1=0.823881
