2025-08-08 14:43:38,932 - INFO - training data size=7445
2025-08-08 14:43:38,932 - INFO - ----start training-----

2025-08-08 14:43:38,932 - INFO - epoch=[1/1]
2025-08-08 14:43:47,625 - INFO - Saved best model to pth/qaf_1_2_1weibo_epoch1_batch1.pth with batch-F1: 0.9839
2025-08-08 14:43:55,385 - INFO - Saved best model to pth/qaf_1_2_1weibo_epoch1_batch2.pth with batch-F1: 0.9844
2025-08-08 14:44:10,947 - INFO - Saved best model to pth/qaf_1_2_1weibo_epoch1_batch4.pth with batch-F1: 1.0000
2025-08-08 14:59:56,495 - INFO - [Epoch 1] Avg Train Acc: 0.9860, Avg F1: 0.9857
2025-08-08 14:59:56,629 - INFO - training loss : similarity_loss=0.300135    detection_loss=0.024748
2025-08-08 14:59:56,629 - INFO - training time=16m17s
2025-08-08 14:59:56,667 - INFO - Loaded best model from pth/qaf_1_2_1weibo_epoch1_batch4.pth
2025-08-08 15:01:03,766 - INFO - 
              precision    recall  f1-score   support

   Non-Rumor      0.889     0.846     0.867       985
       Rumor      0.853     0.894     0.873       984

    accuracy                          0.870      1969
   macro avg      0.871     0.870     0.870      1969
weighted avg      0.871     0.870     0.870      1969

2025-08-08 15:01:03,771 - INFO - training data size=7445
2025-08-08 15:01:03,771 - INFO - test data size=1969
2025-08-08 15:01:03,771 - INFO - test result: accuracy=0.869985    precision=0.852713    recall=0.894309    f1=0.873016
