2025-07-26 21:35:49,802 - INFO - training data size=1686
2025-07-26 21:35:49,802 - INFO - ----start training-----

2025-07-26 21:35:49,802 - INFO - epoch=[1/5]
2025-07-26 21:39:52,346 - INFO - [Epoch 1] Avg Train Acc: 0.6797, Avg F1: 0.5795
2025-07-26 21:39:52,360 - INFO - Saved best model to pth/qaf_3_pheme_epoch1.pth with F1: 0.5795
2025-07-26 21:39:52,498 - INFO - training loss : similarity_loss=0.516383    detection_loss=0.609860
2025-07-26 21:39:52,498 - INFO - training time=4m2s
2025-07-26 21:39:52,500 - INFO - epoch=[2/5]
2025-07-26 21:43:50,098 - INFO - [Epoch 2] Avg Train Acc: 0.7404, Avg F1: 0.6003
2025-07-26 21:43:50,117 - INFO - Saved best model to pth/qaf_3_pheme_epoch2.pth with F1: 0.6003
2025-07-26 21:43:50,277 - INFO - training loss : similarity_loss=0.505916    detection_loss=0.497376
2025-07-26 21:43:50,278 - INFO - training time=3m57s
2025-07-26 21:43:50,280 - INFO - epoch=[3/5]
2025-07-26 21:47:40,377 - INFO - [Epoch 3] Avg Train Acc: 0.7272, Avg F1: 0.5756
2025-07-26 21:47:40,520 - INFO - training loss : similarity_loss=0.485996    detection_loss=0.535966
2025-07-26 21:47:40,521 - INFO - training time=3m50s
2025-07-26 21:47:40,523 - INFO - epoch=[4/5]
2025-07-26 21:51:17,263 - INFO - [Epoch 4] Avg Train Acc: 0.7428, Avg F1: 0.6082
2025-07-26 21:51:17,276 - INFO - Saved best model to pth/qaf_3_pheme_epoch4.pth with F1: 0.6082
2025-07-26 21:51:17,413 - INFO - training loss : similarity_loss=0.477809    detection_loss=0.565170
2025-07-26 21:51:17,413 - INFO - training time=3m36s
2025-07-26 21:51:17,416 - INFO - epoch=[5/5]
2025-07-26 21:54:42,566 - INFO - [Epoch 5] Avg Train Acc: 0.7554, Avg F1: 0.6314
2025-07-26 21:54:42,580 - INFO - Saved best model to pth/qaf_3_pheme_epoch5.pth with F1: 0.6314
2025-07-26 21:54:42,717 - INFO - training loss : similarity_loss=0.466995    detection_loss=0.510565
2025-07-26 21:54:42,718 - INFO - training time=3m25s
2025-07-26 21:54:42,744 - INFO - Loaded best model from pth/qaf_3_pheme_epoch5.pth
2025-07-26 21:54:56,653 - INFO - 
              precision    recall  f1-score   support

   Non-Rumor      0.527     0.230     0.320       126
       Rumor      0.736     0.912     0.814       296

    accuracy                          0.709       422
   macro avg      0.631     0.571     0.567       422
weighted avg      0.673     0.709     0.667       422

2025-07-26 21:54:56,658 - INFO - training data size=1686
2025-07-26 21:54:56,658 - INFO - test data size=422
2025-07-26 21:54:56,658 - INFO - test result: accuracy=0.708531    precision=0.735695    recall=0.912162    f1=0.814480
