2025-08-12 16:37:04,651 - INFO - training data size=7600
2025-08-12 16:37:04,651 - INFO - ----start training-----

2025-08-12 16:37:04,651 - INFO - epoch=[1/2]
2025-08-12 16:54:19,562 - INFO - [Epoch 1] Avg Train Acc: 0.8663, Avg F1: 0.6950
2025-08-12 16:54:19,574 - INFO - Saved best model to pth/qaf4b_2_twitter_1e_4_64_3_epoch1.pth with F1: 0.6950
2025-08-12 16:54:19,704 - INFO - training loss : similarity_loss=0.499581    detection_loss=0.369095
2025-08-12 16:54:19,704 - INFO - training time=17m15s
2025-08-12 16:54:19,706 - INFO - epoch=[2/2]
2025-08-12 17:10:25,349 - INFO - [Epoch 2] Avg Train Acc: 0.9141, Avg F1: 0.7723
2025-08-12 17:10:25,361 - INFO - Saved best model to pth/qaf4b_2_twitter_1e_4_64_3_epoch2.pth with F1: 0.7723
2025-08-12 17:10:25,493 - INFO - training loss : similarity_loss=0.468997    detection_loss=0.346295
2025-08-12 17:10:25,493 - INFO - training time=16m5s
2025-08-12 17:10:25,523 - INFO - Loaded best model from pth/qaf4b_2_twitter_1e_4_64_3_epoch2.pth
2025-08-12 17:10:51,723 - INFO - 
              precision    recall  f1-score   support

   Non-Rumor      0.257     0.544     0.350        79
       Rumor      0.943     0.827     0.881       717

    accuracy                          0.799       796
   macro avg      0.600     0.686     0.615       796
weighted avg      0.875     0.799     0.828       796

2025-08-12 17:10:51,728 - INFO - training data size=7600
2025-08-12 17:10:51,728 - INFO - test data size=796
2025-08-12 17:10:51,728 - INFO - test result: accuracy=0.798995    precision=0.942766    recall=0.827057    f1=0.881129
