2025-07-26 21:34:48,806 - INFO - training data size=1686
2025-07-26 21:34:48,806 - INFO - ----start training-----

2025-07-26 21:34:48,806 - INFO - epoch=[1/4]
2025-07-26 21:38:49,000 - INFO - [Epoch 1] Avg Train Acc: 0.6989, Avg F1: 0.5772
2025-07-26 21:38:49,014 - INFO - Saved best model to pth/qaf_2_pheme_epoch1.pth with F1: 0.5772
2025-07-26 21:38:49,155 - INFO - training loss : similarity_loss=0.506353    detection_loss=0.501704
2025-07-26 21:38:49,156 - INFO - training time=4m0s
2025-07-26 21:38:49,156 - INFO - epoch=[2/4]
2025-07-26 21:42:50,107 - INFO - [Epoch 2] Avg Train Acc: 0.7566, Avg F1: 0.6299
2025-07-26 21:42:50,122 - INFO - Saved best model to pth/qaf_2_pheme_epoch2.pth with F1: 0.6299
2025-07-26 21:42:50,264 - INFO - training loss : similarity_loss=0.498254    detection_loss=0.519760
2025-07-26 21:42:50,264 - INFO - training time=4m1s
2025-07-26 21:42:50,264 - INFO - epoch=[3/4]
2025-07-26 21:46:39,508 - INFO - [Epoch 3] Avg Train Acc: 0.7554, Avg F1: 0.6309
2025-07-26 21:46:39,521 - INFO - Saved best model to pth/qaf_2_pheme_epoch3.pth with F1: 0.6309
2025-07-26 21:46:39,659 - INFO - training loss : similarity_loss=0.499209    detection_loss=0.518434
2025-07-26 21:46:39,659 - INFO - training time=3m49s
2025-07-26 21:46:39,660 - INFO - epoch=[4/4]
2025-07-26 21:50:20,468 - INFO - [Epoch 4] Avg Train Acc: 0.7536, Avg F1: 0.6287
2025-07-26 21:50:20,604 - INFO - training loss : similarity_loss=0.460450    detection_loss=0.496996
2025-07-26 21:50:20,604 - INFO - training time=3m40s
2025-07-26 21:50:20,641 - INFO - Loaded best model from pth/qaf_2_pheme_epoch3.pth
2025-07-26 21:50:36,159 - INFO - 
              precision    recall  f1-score   support

   Non-Rumor      0.604     0.230     0.333       126
       Rumor      0.741     0.936     0.827       296

    accuracy                          0.725       422
   macro avg      0.672     0.583     0.580       422
weighted avg      0.700     0.725     0.680       422

2025-07-26 21:50:36,164 - INFO - training data size=1686
2025-07-26 21:50:36,164 - INFO - test data size=422
2025-07-26 21:50:36,164 - INFO - test result: accuracy=0.725118    precision=0.740642    recall=0.935811    f1=0.826866
