2025-08-07 05:17:16,184 - INFO - training data size=7445
2025-08-07 05:17:16,184 - INFO - ----start training-----

2025-08-07 05:17:16,184 - INFO - epoch=[1/2]
2025-08-07 05:36:01,855 - INFO - [Epoch 1] Avg Train Acc: 0.9914, Avg F1: 0.9911
2025-08-07 05:36:01,870 - INFO - Saved best model to pth/qaf_1_1_weibo_epoch1.pth with F1: 0.9911
2025-08-07 05:36:02,024 - INFO - training loss : similarity_loss=0.377804    detection_loss=0.045298
2025-08-07 05:36:02,025 - INFO - training time=18m45s
2025-08-07 05:36:02,026 - INFO - epoch=[2/2]
2025-08-07 05:53:23,111 - INFO - [Epoch 2] Avg Train Acc: 0.9937, Avg F1: 0.9935
2025-08-07 05:53:23,125 - INFO - Saved best model to pth/qaf_1_1_weibo_epoch2.pth with F1: 0.9935
2025-08-07 05:53:23,259 - INFO - training loss : similarity_loss=0.348375    detection_loss=0.005482
2025-08-07 05:53:23,259 - INFO - training time=17m21s
2025-08-07 05:53:23,312 - INFO - Loaded best model from pth/qaf_1_1_weibo_epoch2.pth
2025-08-07 05:54:42,408 - INFO - 
              precision    recall  f1-score   support

   Non-Rumor      0.876     0.829     0.852       985
       Rumor      0.838     0.882     0.859       984

    accuracy                          0.856      1969
   macro avg      0.857     0.856     0.856      1969
weighted avg      0.857     0.856     0.856      1969

2025-08-07 05:54:42,413 - INFO - training data size=7445
2025-08-07 05:54:42,413 - INFO - test data size=1969
2025-08-07 05:54:42,414 - INFO - test result: accuracy=0.855764    precision=0.837838    recall=0.882114    f1=0.859406
