2025-08-08 14:42:39,874 - INFO - training data size=7445
2025-08-08 14:42:39,874 - INFO - ----start training-----

2025-08-08 14:42:39,874 - INFO - epoch=[1/1]
2025-08-08 14:43:02,620 - INFO - Saved best model to pth/qaf_3_weibo_epoch1_batch3.pth with batch-F1: 0.8108
2025-08-08 14:43:24,682 - INFO - Saved best model to pth/qaf_3_weibo_epoch1_batch6.pth with batch-F1: 0.8591
2025-08-08 14:43:32,827 - INFO - Saved best model to pth/qaf_3_weibo_epoch1_batch7.pth with batch-F1: 0.9522
2025-08-08 14:43:48,492 - INFO - Saved best model to pth/qaf_3_weibo_epoch1_batch9.pth with batch-F1: 0.9530
2025-08-08 14:44:21,357 - INFO - Saved best model to pth/qaf_3_weibo_epoch1_batch13.pth with batch-F1: 0.9685
2025-08-08 14:44:45,394 - INFO - Saved best model to pth/qaf_3_weibo_epoch1_batch16.pth with batch-F1: 0.9843
2025-08-08 14:45:01,415 - INFO - Saved best model to pth/qaf_3_weibo_epoch1_batch18.pth with batch-F1: 1.0000
2025-08-08 14:59:09,114 - INFO - [Epoch 1] Avg Train Acc: 0.9662, Avg F1: 0.9658
2025-08-08 14:59:09,252 - INFO - training loss : similarity_loss=0.456739    detection_loss=0.028154
2025-08-08 14:59:09,252 - INFO - training time=16m29s
2025-08-08 14:59:09,280 - INFO - Loaded best model from pth/qaf_3_weibo_epoch1_batch18.pth
2025-08-08 15:00:23,034 - INFO - 
              precision    recall  f1-score   support

   Non-Rumor      0.904     0.777     0.836       985
       Rumor      0.804     0.918     0.857       984

    accuracy                          0.847      1969
   macro avg      0.854     0.847     0.846      1969
weighted avg      0.854     0.847     0.846      1969

2025-08-08 15:00:23,040 - INFO - training data size=7445
2025-08-08 15:00:23,040 - INFO - test data size=1969
2025-08-08 15:00:23,040 - INFO - test result: accuracy=0.847131    precision=0.804096    recall=0.917683    f1=0.857143
