2025-08-09 20:28:58,125 - INFO - training data size=7445
2025-08-09 20:28:58,125 - INFO - ----start training-----

2025-08-09 20:28:58,125 - INFO - epoch=[1/3]
2025-08-09 20:43:37,080 - INFO - [Epoch 1] Avg Train Acc: 0.9791, Avg F1: 0.9788
2025-08-09 20:43:37,092 - INFO - Saved best model to pth/qaf4_3_weibo_epoch1.pth with F1: 0.9788
2025-08-09 20:43:37,229 - INFO - training loss : similarity_loss=0.442036    detection_loss=0.053275
2025-08-09 20:43:37,229 - INFO - training time=14m39s
2025-08-09 20:43:37,229 - INFO - epoch=[2/3]
2025-08-09 20:58:29,239 - INFO - [Epoch 2] Avg Train Acc: 0.9892, Avg F1: 0.9891
2025-08-09 20:58:29,250 - INFO - Saved best model to pth/qaf4_3_weibo_epoch2.pth with F1: 0.9891
2025-08-09 20:58:29,383 - INFO - training loss : similarity_loss=0.420814    detection_loss=0.008774
2025-08-09 20:58:29,383 - INFO - training time=14m52s
2025-08-09 20:58:29,383 - INFO - epoch=[3/3]
2025-08-09 21:13:25,226 - INFO - [Epoch 3] Avg Train Acc: 0.9904, Avg F1: 0.9902
2025-08-09 21:13:25,237 - INFO - Saved best model to pth/qaf4_3_weibo_epoch3.pth with F1: 0.9902
2025-08-09 21:13:25,373 - INFO - training loss : similarity_loss=0.362377    detection_loss=0.009899
2025-08-09 21:13:25,373 - INFO - training time=14m55s
2025-08-09 21:13:25,400 - INFO - Loaded best model from pth/qaf4_3_weibo_epoch3.pth
2025-08-09 21:14:29,594 - INFO - 
              precision    recall  f1-score   support

   Non-Rumor      0.927     0.812     0.866       985
       Rumor      0.833     0.936     0.881       984

    accuracy                          0.874      1969
   macro avg      0.880     0.874     0.874      1969
weighted avg      0.880     0.874     0.874      1969

2025-08-09 21:14:29,599 - INFO - training data size=7445
2025-08-09 21:14:29,600 - INFO - test data size=1969
2025-08-09 21:14:29,600 - INFO - test result: accuracy=0.874048    precision=0.832731    recall=0.935976    f1=0.881340
