2025-08-08 15:26:50,296 - INFO - training data size=7445
2025-08-08 15:26:50,297 - INFO - ----start training-----

2025-08-08 15:26:50,297 - INFO - epoch=[1/1]
2025-08-08 15:30:41,413 - INFO - Saved best model to pth/qaf_1_2_1weibo_epoch1_batch30.pth with batch-F1: 0.8057
2025-08-08 15:31:36,131 - INFO - Saved best model to pth/qaf_1_2_1weibo_epoch1_batch37.pth with batch-F1: 0.8381
2025-08-08 15:32:57,544 - INFO - Saved best model to pth/qaf_1_2_1weibo_epoch1_batch48.pth with batch-F1: 0.8859
2025-08-08 15:33:28,284 - INFO - Saved best model to pth/qaf_1_2_1weibo_epoch1_batch52.pth with batch-F1: 0.9028
2025-08-08 15:33:43,050 - INFO - Saved best model to pth/qaf_1_2_1weibo_epoch1_batch54.pth with batch-F1: 0.9359
2025-08-08 15:34:36,618 - INFO - Saved best model to pth/qaf_1_2_1weibo_epoch1_batch61.pth with batch-F1: 0.9511
2025-08-08 15:34:59,785 - INFO - Saved best model to pth/qaf_1_2_1weibo_epoch1_batch64.pth with batch-F1: 0.9672
2025-08-08 15:36:46,496 - INFO - Saved best model to pth/qaf_1_2_1weibo_epoch1_batch77.pth with batch-F1: 0.9683
2025-08-08 15:36:53,963 - INFO - Saved best model to pth/qaf_1_2_1weibo_epoch1_batch78.pth with batch-F1: 0.9837
2025-08-08 15:37:01,474 - INFO - Saved best model to pth/qaf_1_2_1weibo_epoch1_batch79.pth with batch-F1: 0.9843
2025-08-08 15:37:42,969 - INFO - Saved best model to pth/qaf_1_2_1weibo_epoch1_batch84.pth with batch-F1: 0.9844
2025-08-08 15:41:49,024 - INFO - [Epoch 1] Avg Train Acc: 0.8252, Avg F1: 0.8190
2025-08-08 15:41:49,161 - INFO - training loss : similarity_loss=0.488855    detection_loss=0.270342
2025-08-08 15:41:49,161 - INFO - training time=14m58s
2025-08-08 15:41:49,189 - INFO - Loaded best model from pth/qaf_1_2_1weibo_epoch1_batch84.pth
2025-08-08 15:42:53,176 - INFO - 
              precision    recall  f1-score   support

   Non-Rumor      0.922     0.682     0.784       985
       Rumor      0.748     0.942     0.834       984

    accuracy                          0.812      1969
   macro avg      0.835     0.812     0.809      1969
weighted avg      0.835     0.812     0.809      1969

2025-08-08 15:42:53,181 - INFO - training data size=7445
2025-08-08 15:42:53,181 - INFO - test data size=1969
2025-08-08 15:42:53,181 - INFO - test result: accuracy=0.812087    precision=0.747581    recall=0.942073    f1=0.833633
