2025-08-09 16:08:49,274 - INFO - training data size=7445
2025-08-09 16:08:49,274 - INFO - ----start training-----

2025-08-09 16:08:49,274 - INFO - epoch=[1/2]
2025-08-09 16:24:57,628 - INFO - [Epoch 1] Avg Train Acc: 0.9704, Avg F1: 0.9691
2025-08-09 16:24:57,643 - INFO - Saved best model to pth/qaf4_2_weibo_epoch1.pth with F1: 0.9691
2025-08-09 16:24:57,791 - INFO - training loss : similarity_loss=0.449348    detection_loss=0.014812
2025-08-09 16:24:57,791 - INFO - training time=16m8s
2025-08-09 16:24:57,792 - INFO - epoch=[2/2]
2025-08-09 16:40:48,805 - INFO - [Epoch 2] Avg Train Acc: 0.9911, Avg F1: 0.9909
2025-08-09 16:40:48,819 - INFO - Saved best model to pth/qaf4_2_weibo_epoch2.pth with F1: 0.9909
2025-08-09 16:40:48,964 - INFO - training loss : similarity_loss=0.395925    detection_loss=0.016078
2025-08-09 16:40:48,964 - INFO - training time=15m51s
2025-08-09 16:40:48,996 - INFO - Loaded best model from pth/qaf4_2_weibo_epoch2.pth
2025-08-09 16:41:55,254 - INFO - 
              precision    recall  f1-score   support

   Non-Rumor      0.881     0.881     0.881       985
       Rumor      0.881     0.881     0.881       984

    accuracy                          0.881      1969
   macro avg      0.881     0.881     0.881      1969
weighted avg      0.881     0.881     0.881      1969

2025-08-09 16:41:55,259 - INFO - training data size=7445
2025-08-09 16:41:55,259 - INFO - test data size=1969
2025-08-09 16:41:55,259 - INFO - test result: accuracy=0.881158    precision=0.881098    recall=0.881098    f1=0.881098
