2025-08-11 16:43:08,573 - INFO - training data size=4133
2025-08-11 16:43:08,573 - INFO - ----start training-----

2025-08-11 16:43:08,573 - INFO - epoch=[1/1]
2025-08-11 16:44:58,229 - INFO - Saved best model to pth/qaf4b_1_weibo_6e_4_64_2_epoch1_batch13.pth with batch-F1: 0.8902
2025-08-11 16:45:24,494 - INFO - Saved best model to pth/qaf4b_1_weibo_6e_4_64_2_epoch1_batch16.pth with batch-F1: 0.9146
2025-08-11 16:45:41,701 - INFO - Saved best model to pth/qaf4b_1_weibo_6e_4_64_2_epoch1_batch18.pth with batch-F1: 0.9622
2025-08-11 16:46:26,112 - INFO - Saved best model to pth/qaf4b_1_weibo_6e_4_64_2_epoch1_batch23.pth with batch-F1: 1.0000
2025-08-11 16:52:26,633 - INFO - [Epoch 1] Avg Train Acc: 0.8811, Avg F1: 0.8352
2025-08-11 16:52:26,770 - INFO - training loss : similarity_loss=0.479944    detection_loss=0.130934
2025-08-11 16:52:26,770 - INFO - training time=9m18s
2025-08-11 16:52:26,812 - INFO - Loaded best model from pth/qaf4b_1_weibo_6e_4_64_2_epoch1_batch23.pth
2025-08-11 16:53:07,808 - INFO - 
              precision    recall  f1-score   support

   Non-Rumor      0.518     0.789     0.625       109
       Rumor      0.975     0.919     0.946       984

    accuracy                          0.906      1093
   macro avg      0.747     0.854     0.786      1093
weighted avg      0.930     0.906     0.914      1093

2025-08-11 16:53:07,814 - INFO - training data size=4133
2025-08-11 16:53:07,814 - INFO - test data size=1093
2025-08-11 16:53:07,814 - INFO - test result: accuracy=0.905764    precision=0.975189    recall=0.918699    f1=0.946102
