2025-07-20 14:13:18,058 - INFO - training data size=7445
2025-07-20 14:13:18,058 - INFO - ----start training-----

2025-07-20 14:13:18,058 - INFO - epoch=[1/5]
2025-07-20 14:28:52,873 - INFO - [Epoch 1] Avg Train Acc: 0.8941, Avg F1: 0.8930
2025-07-20 14:28:52,891 - INFO - Saved best model to pth/qam_weibo_epoch1.pth with F1: 0.8930
2025-07-20 14:28:53,031 - INFO - training loss : similarity_loss=0.407617    detection_loss=0.273295
2025-07-20 14:28:53,031 - INFO - training time=15m34s
2025-07-20 14:28:53,031 - INFO - epoch=[2/5]
2025-07-20 14:44:09,010 - INFO - [Epoch 2] Avg Train Acc: 0.9450, Avg F1: 0.9443
2025-07-20 14:44:09,024 - INFO - Saved best model to pth/qam_weibo_epoch2.pth with F1: 0.9443
2025-07-20 14:44:09,155 - INFO - training loss : similarity_loss=0.363609    detection_loss=0.252357
2025-07-20 14:44:09,155 - INFO - training time=15m16s
2025-07-20 14:44:09,155 - INFO - epoch=[3/5]
2025-07-20 14:59:31,286 - INFO - [Epoch 3] Avg Train Acc: 0.9445, Avg F1: 0.9439
2025-07-20 14:59:31,459 - INFO - training loss : similarity_loss=0.341101    detection_loss=0.109140
2025-07-20 14:59:31,459 - INFO - training time=15m22s
2025-07-20 14:59:31,460 - INFO - epoch=[4/5]
2025-07-20 15:15:04,283 - INFO - [Epoch 4] Avg Train Acc: 0.9483, Avg F1: 0.9477
2025-07-20 15:15:04,298 - INFO - Saved best model to pth/qam_weibo_epoch4.pth with F1: 0.9477
2025-07-20 15:15:04,428 - INFO - training loss : similarity_loss=0.390168    detection_loss=0.121724
2025-07-20 15:15:04,428 - INFO - training time=15m32s
2025-07-20 15:15:04,428 - INFO - epoch=[5/5]
