2025-08-09 16:53:36,375 - INFO - training data size=7445
2025-08-09 16:53:36,375 - INFO - ----start training-----

2025-08-09 16:53:36,375 - INFO - epoch=[1/2]
2025-08-09 16:57:00,840 - INFO - Saved best model to pth/qaf4_2_weibo_epoch1_batch25.pth with batch-F1: 0.8385
2025-08-09 16:58:40,070 - INFO - Saved best model to pth/qaf4_2_weibo_epoch1_batch38.pth with batch-F1: 0.8512
2025-08-09 16:58:47,482 - INFO - Saved best model to pth/qaf4_2_weibo_epoch1_batch39.pth with batch-F1: 0.8565
2025-08-09 16:59:09,497 - INFO - Saved best model to pth/qaf4_2_weibo_epoch1_batch42.pth with batch-F1: 0.8667
2025-08-09 16:59:17,832 - INFO - Saved best model to pth/qaf4_2_weibo_epoch1_batch43.pth with batch-F1: 0.9374
2025-08-09 16:59:54,689 - INFO - Saved best model to pth/qaf4_2_weibo_epoch1_batch48.pth with batch-F1: 0.9528
2025-08-09 17:01:56,311 - INFO - Saved best model to pth/qaf4_2_weibo_epoch1_batch64.pth with batch-F1: 0.9530
2025-08-09 17:02:26,899 - INFO - Saved best model to pth/qaf4_2_weibo_epoch1_batch68.pth with batch-F1: 0.9672
2025-08-09 17:02:41,648 - INFO - Saved best model to pth/qaf4_2_weibo_epoch1_batch70.pth with batch-F1: 0.9686
2025-08-09 17:02:48,879 - INFO - Saved best model to pth/qaf4_2_weibo_epoch1_batch71.pth with batch-F1: 0.9688
2025-08-09 17:02:56,164 - INFO - Saved best model to pth/qaf4_2_weibo_epoch1_batch72.pth with batch-F1: 1.0000
2025-08-09 17:08:35,058 - INFO - [Epoch 1] Avg Train Acc: 0.8516, Avg F1: 0.8417
2025-08-09 17:08:35,207 - INFO - training loss : similarity_loss=0.484565    detection_loss=0.239657
2025-08-09 17:08:35,207 - INFO - training time=14m58s
2025-08-09 17:08:35,207 - INFO - epoch=[2/2]
2025-08-09 17:25:20,564 - INFO - [Epoch 2] Avg Train Acc: 0.9780, Avg F1: 0.9776
2025-08-09 17:25:20,714 - INFO - training loss : similarity_loss=0.497991    detection_loss=0.202097
2025-08-09 17:25:20,715 - INFO - training time=16m45s
2025-08-09 17:25:20,744 - INFO - Loaded best model from pth/qaf4_2_weibo_epoch1_batch72.pth
2025-08-09 17:26:29,565 - INFO - 
              precision    recall  f1-score   support

   Non-Rumor      0.848     0.860     0.854       985
       Rumor      0.858     0.846     0.852       984

    accuracy                          0.853      1969
   macro avg      0.853     0.853     0.853      1969
weighted avg      0.853     0.853     0.853      1969

2025-08-09 17:26:29,570 - INFO - training data size=7445
2025-08-09 17:26:29,570 - INFO - test data size=1969
2025-08-09 17:26:29,570 - INFO - test result: accuracy=0.852717    precision=0.857732    recall=0.845528    f1=0.851586
