2025-08-07 04:49:31,918 - INFO - training data size=7445
2025-08-07 04:49:31,918 - INFO - ----start training-----

2025-08-07 04:49:31,918 - INFO - epoch=[1/4]
2025-08-07 05:08:18,890 - INFO - [Epoch 1] Avg Train Acc: 0.9647, Avg F1: 0.9633
2025-08-07 05:08:18,904 - INFO - Saved best model to pth/qaf_4_weibo_epoch1.pth with F1: 0.9633
2025-08-07 05:08:19,041 - INFO - training loss : similarity_loss=0.456213    detection_loss=0.019607
2025-08-07 05:08:19,042 - INFO - training time=18m47s
2025-08-07 05:08:19,042 - INFO - epoch=[2/4]
2025-08-07 05:27:41,443 - INFO - [Epoch 2] Avg Train Acc: 0.9846, Avg F1: 0.9844
2025-08-07 05:27:41,456 - INFO - Saved best model to pth/qaf_4_weibo_epoch2.pth with F1: 0.9844
2025-08-07 05:27:41,589 - INFO - training loss : similarity_loss=0.388701    detection_loss=0.087378
2025-08-07 05:27:41,589 - INFO - training time=19m22s
2025-08-07 05:27:41,589 - INFO - epoch=[3/4]
2025-08-07 05:46:03,887 - INFO - [Epoch 3] Avg Train Acc: 0.9895, Avg F1: 0.9893
2025-08-07 05:46:03,900 - INFO - Saved best model to pth/qaf_4_weibo_epoch3.pth with F1: 0.9893
2025-08-07 05:46:04,037 - INFO - training loss : similarity_loss=0.330990    detection_loss=0.020784
2025-08-07 05:46:04,038 - INFO - training time=18m22s
2025-08-07 05:46:04,038 - INFO - epoch=[4/4]
2025-08-07 06:02:59,771 - INFO - [Epoch 4] Avg Train Acc: 0.9888, Avg F1: 0.9886
2025-08-07 06:02:59,902 - INFO - training loss : similarity_loss=0.293923    detection_loss=0.014494
2025-08-07 06:02:59,902 - INFO - training time=16m55s
2025-08-07 06:02:59,944 - INFO - Loaded best model from pth/qaf_4_weibo_epoch3.pth
2025-08-07 06:04:14,648 - INFO - 
              precision    recall  f1-score   support

   Non-Rumor      0.903     0.773     0.833       985
       Rumor      0.801     0.917     0.855       984

    accuracy                          0.845      1969
   macro avg      0.852     0.845     0.844      1969
weighted avg      0.852     0.845     0.844      1969

2025-08-07 06:04:14,654 - INFO - training data size=7445
2025-08-07 06:04:14,654 - INFO - test data size=1969
2025-08-07 06:04:14,654 - INFO - test result: accuracy=0.844591    precision=0.801066    recall=0.916667    f1=0.854976
