2025-08-07 04:50:47,447 - INFO - training data size=7445
2025-08-07 04:50:47,447 - INFO - ----start training-----

2025-08-07 04:50:47,447 - INFO - epoch=[1/2]
2025-08-07 05:09:48,143 - INFO - [Epoch 1] Avg Train Acc: 0.9704, Avg F1: 0.9700
2025-08-07 05:09:48,160 - INFO - Saved best model to pth/qaf_2_weibo_epoch1.pth with F1: 0.9700
2025-08-07 05:09:48,301 - INFO - training loss : similarity_loss=0.375563    detection_loss=0.034082
2025-08-07 05:09:48,301 - INFO - training time=19m0s
2025-08-07 05:09:48,301 - INFO - epoch=[2/2]
2025-08-07 05:28:37,987 - INFO - [Epoch 2] Avg Train Acc: 0.9884, Avg F1: 0.9882
2025-08-07 05:28:38,001 - INFO - Saved best model to pth/qaf_2_weibo_epoch2.pth with F1: 0.9882
2025-08-07 05:28:38,166 - INFO - training loss : similarity_loss=0.274952    detection_loss=0.058042
2025-08-07 05:28:38,166 - INFO - training time=18m49s
2025-08-07 05:28:38,270 - INFO - Loaded best model from pth/qaf_2_weibo_epoch2.pth
2025-08-07 05:30:15,834 - INFO - 
              precision    recall  f1-score   support

   Non-Rumor      0.908     0.793     0.847       985
       Rumor      0.816     0.920     0.865       984

    accuracy                          0.856      1969
   macro avg      0.862     0.856     0.856      1969
weighted avg      0.862     0.856     0.856      1969

2025-08-07 05:30:15,840 - INFO - training data size=7445
2025-08-07 05:30:15,840 - INFO - test data size=1969
2025-08-07 05:30:15,840 - INFO - test result: accuracy=0.856272    precision=0.816050    recall=0.919715    f1=0.864787
