2025-08-07 03:11:36,842 - INFO - training data size=603
2025-08-07 03:11:36,842 - INFO - ----start training-----

2025-08-07 03:11:36,842 - INFO - epoch=[1/3]
2025-08-07 03:12:49,340 - INFO - [Epoch 1] Avg Train Acc: 0.6042, Avg F1: 0.5981
2025-08-07 03:12:49,355 - INFO - Saved best model to pth/qaf_1_pheme_epoch1.pth with F1: 0.5981
2025-08-07 03:12:49,480 - INFO - training loss : similarity_loss=0.509944    detection_loss=0.680213
2025-08-07 03:12:49,493 - INFO - training time=1m12s
2025-08-07 03:12:49,494 - INFO - epoch=[2/3]
2025-08-07 03:14:01,169 - INFO - [Epoch 2] Avg Train Acc: 0.6615, Avg F1: 0.6494
2025-08-07 03:14:01,183 - INFO - Saved best model to pth/qaf_1_pheme_epoch2.pth with F1: 0.6494
2025-08-07 03:14:01,324 - INFO - training loss : similarity_loss=0.508575    detection_loss=0.650810
2025-08-07 03:14:01,324 - INFO - training time=1m11s
2025-08-07 03:14:01,324 - INFO - epoch=[3/3]
2025-08-07 03:15:05,506 - INFO - [Epoch 3] Avg Train Acc: 0.6510, Avg F1: 0.6375
2025-08-07 03:15:05,641 - INFO - training loss : similarity_loss=0.473020    detection_loss=0.629905
2025-08-07 03:15:05,642 - INFO - training time=1m4s
2025-08-07 03:15:05,672 - INFO - Loaded best model from pth/qaf_1_pheme_epoch2.pth
2025-08-07 03:15:10,726 - INFO - 
              precision    recall  f1-score   support

   Non-Rumor      0.571     0.174     0.267        69
       Rumor      0.562     0.890     0.689        82

    accuracy                          0.563       151
   macro avg      0.566     0.532     0.478       151
weighted avg      0.566     0.563     0.496       151

2025-08-07 03:15:10,730 - INFO - training data size=603
2025-08-07 03:15:10,730 - INFO - test data size=151
2025-08-07 03:15:10,730 - INFO - test result: accuracy=0.562914    precision=0.561538    recall=0.890244    f1=0.688679
