2025-08-12 16:27:32,492 - INFO - training data size=7600
2025-08-12 16:27:32,493 - INFO - ----start training-----

2025-08-12 16:27:32,493 - INFO - epoch=[1/2]
2025-08-12 16:44:29,720 - INFO - [Epoch 1] Avg Train Acc: 0.6919, Avg F1: 0.5849
2025-08-12 16:44:29,732 - INFO - Saved best model to pth/qaf4b_2_twitter_1e_4_64_1_epoch1.pth with F1: 0.5849
2025-08-12 16:44:29,864 - INFO - training loss : similarity_loss=0.488185    detection_loss=0.480928
2025-08-12 16:44:29,864 - INFO - training time=16m57s
2025-08-12 16:44:29,864 - INFO - epoch=[2/2]
2025-08-12 17:01:40,604 - INFO - [Epoch 2] Avg Train Acc: 0.8957, Avg F1: 0.7681
2025-08-12 17:01:40,617 - INFO - Saved best model to pth/qaf4b_2_twitter_1e_4_64_1_epoch2.pth with F1: 0.7681
2025-08-12 17:01:40,750 - INFO - training loss : similarity_loss=0.461500    detection_loss=0.450918
2025-08-12 17:01:40,751 - INFO - training time=17m10s
2025-08-12 17:01:40,804 - INFO - Loaded best model from pth/qaf4b_2_twitter_1e_4_64_1_epoch2.pth
2025-08-12 17:02:12,084 - INFO - 
              precision    recall  f1-score   support

   Non-Rumor      0.325     1.000     0.491        79
       Rumor      1.000     0.771     0.871       717

    accuracy                          0.794       796
   macro avg      0.663     0.886     0.681       796
weighted avg      0.933     0.794     0.833       796

2025-08-12 17:02:12,089 - INFO - training data size=7600
2025-08-12 17:02:12,089 - INFO - test data size=796
2025-08-12 17:02:12,089 - INFO - test result: accuracy=0.793970    precision=1.000000    recall=0.771269    f1=0.870866
