2025-08-10 16:15:06,041 - INFO - training data size=7445
2025-08-10 16:15:06,041 - INFO - ----start training-----

2025-08-10 16:15:06,041 - INFO - epoch=[1/1]
2025-08-10 16:16:11,976 - INFO - Saved best model to pth/qaf4b_1_weibo_6e_4_64_epoch1_batch8.pth with batch-F1: 0.8123
2025-08-10 16:16:20,803 - INFO - Saved best model to pth/qaf4b_1_weibo_6e_4_64_epoch1_batch9.pth with batch-F1: 0.8739
2025-08-10 16:16:36,824 - INFO - Saved best model to pth/qaf4b_1_weibo_6e_4_64_epoch1_batch11.pth with batch-F1: 0.9374
2025-08-10 16:16:45,661 - INFO - Saved best model to pth/qaf4b_1_weibo_6e_4_64_epoch1_batch12.pth with batch-F1: 0.9842
2025-08-10 16:18:00,417 - INFO - Saved best model to pth/qaf4b_1_weibo_6e_4_64_epoch1_batch21.pth with batch-F1: 1.0000
2025-08-10 16:30:55,009 - INFO - [Epoch 1] Avg Train Acc: 0.9589, Avg F1: 0.9568
2025-08-10 16:30:55,161 - INFO - training loss : similarity_loss=0.478830    detection_loss=0.024931
2025-08-10 16:30:55,161 - INFO - training time=15m49s
2025-08-10 16:30:55,186 - INFO - Loaded best model from pth/qaf4b_1_weibo_6e_4_64_epoch1_batch21.pth
2025-08-10 16:31:59,808 - INFO - 
              precision    recall  f1-score   support

   Non-Rumor      0.860     0.874     0.867       985
       Rumor      0.872     0.858     0.865       984

    accuracy                          0.866      1969
   macro avg      0.866     0.866     0.866      1969
weighted avg      0.866     0.866     0.866      1969

2025-08-10 16:31:59,813 - INFO - training data size=7445
2025-08-10 16:31:59,813 - INFO - test data size=1969
2025-08-10 16:31:59,813 - INFO - test result: accuracy=0.865922    precision=0.871901    recall=0.857724    f1=0.864754
