2025-07-26 21:34:29,911 - INFO - training data size=1686
2025-07-26 21:34:29,911 - INFO - ----start training-----

2025-07-26 21:34:29,911 - INFO - epoch=[1/3]
2025-07-26 21:38:29,340 - INFO - [Epoch 1] Avg Train Acc: 0.6947, Avg F1: 0.6038
2025-07-26 21:38:29,354 - INFO - Saved best model to pth/qaf_1_pheme_epoch1.pth with F1: 0.6038
2025-07-26 21:38:29,499 - INFO - training loss : similarity_loss=0.502472    detection_loss=0.440357
2025-07-26 21:38:29,499 - INFO - training time=3m59s
2025-07-26 21:38:29,499 - INFO - epoch=[2/3]
2025-07-26 21:42:28,658 - INFO - [Epoch 2] Avg Train Acc: 0.7458, Avg F1: 0.6230
2025-07-26 21:42:28,671 - INFO - Saved best model to pth/qaf_1_pheme_epoch2.pth with F1: 0.6230
2025-07-26 21:42:28,813 - INFO - training loss : similarity_loss=0.492787    detection_loss=0.569887
2025-07-26 21:42:28,813 - INFO - training time=3m59s
2025-07-26 21:42:28,813 - INFO - epoch=[3/3]
2025-07-26 21:46:18,590 - INFO - [Epoch 3] Avg Train Acc: 0.7608, Avg F1: 0.6493
2025-07-26 21:46:18,610 - INFO - Saved best model to pth/qaf_1_pheme_epoch3.pth with F1: 0.6493
2025-07-26 21:46:18,772 - INFO - training loss : similarity_loss=0.493584    detection_loss=0.481202
2025-07-26 21:46:18,773 - INFO - training time=3m49s
2025-07-26 21:46:18,841 - INFO - Loaded best model from pth/qaf_1_pheme_epoch3.pth
2025-07-26 21:46:35,526 - INFO - 
              precision    recall  f1-score   support

   Non-Rumor      0.654     0.405     0.500       126
       Rumor      0.782     0.909     0.841       296

    accuracy                          0.758       422
   macro avg      0.718     0.657     0.670       422
weighted avg      0.744     0.758     0.739       422

2025-07-26 21:46:35,534 - INFO - training data size=1686
2025-07-26 21:46:35,534 - INFO - test data size=422
2025-07-26 21:46:35,534 - INFO - test result: accuracy=0.758294    precision=0.781977    recall=0.908784    f1=0.840625
