2025-08-07 03:11:29,176 - INFO - training data size=603
2025-08-07 03:11:29,176 - INFO - ----start training-----

2025-08-07 03:11:29,176 - INFO - epoch=[1/2]
2025-08-07 03:12:43,010 - INFO - [Epoch 1] Avg Train Acc: 0.5920, Avg F1: 0.5893
2025-08-07 03:12:43,025 - INFO - Saved best model to pth/qaf_1_pheme_epoch1.pth with F1: 0.5893
2025-08-07 03:12:43,156 - INFO - training loss : similarity_loss=0.491162    detection_loss=0.701432
2025-08-07 03:12:43,157 - INFO - training time=1m13s
2025-08-07 03:12:43,157 - INFO - epoch=[2/2]
2025-08-07 03:13:57,002 - INFO - [Epoch 2] Avg Train Acc: 0.6181, Avg F1: 0.6159
2025-08-07 03:13:57,017 - INFO - Saved best model to pth/qaf_1_pheme_epoch2.pth with F1: 0.6159
2025-08-07 03:13:57,143 - INFO - training loss : similarity_loss=0.490366    detection_loss=0.611939
2025-08-07 03:13:57,144 - INFO - training time=1m13s
2025-08-07 03:13:57,191 - INFO - Loaded best model from pth/qaf_1_pheme_epoch2.pth
2025-08-07 03:14:02,875 - INFO - 
              precision    recall  f1-score   support

   Non-Rumor      0.515     0.768     0.616        69
       Rumor      0.667     0.390     0.492        82

    accuracy                          0.563       151
   macro avg      0.591     0.579     0.554       151
weighted avg      0.597     0.563     0.549       151

2025-08-07 03:14:02,879 - INFO - training data size=603
2025-08-07 03:14:02,880 - INFO - test data size=151
2025-08-07 03:14:02,880 - INFO - test result: accuracy=0.562914    precision=0.666667    recall=0.390244    f1=0.492308
