2025-08-07 04:50:11,582 - INFO - training data size=7445
2025-08-07 04:50:11,582 - INFO - ----start training-----

2025-08-07 04:50:11,582 - INFO - epoch=[1/3]
2025-08-07 05:09:17,292 - INFO - [Epoch 1] Avg Train Acc: 0.9724, Avg F1: 0.9720
2025-08-07 05:09:17,306 - INFO - Saved best model to pth/qaf_3_weibo_epoch1.pth with F1: 0.9720
2025-08-07 05:09:17,447 - INFO - training loss : similarity_loss=0.436249    detection_loss=0.013670
2025-08-07 05:09:17,447 - INFO - training time=19m5s
2025-08-07 05:09:17,447 - INFO - epoch=[2/3]
2025-08-07 05:28:01,094 - INFO - [Epoch 2] Avg Train Acc: 0.9876, Avg F1: 0.9873
2025-08-07 05:28:01,107 - INFO - Saved best model to pth/qaf_3_weibo_epoch2.pth with F1: 0.9873
2025-08-07 05:28:01,257 - INFO - training loss : similarity_loss=0.403794    detection_loss=0.047831
2025-08-07 05:28:01,258 - INFO - training time=18m43s
2025-08-07 05:28:01,258 - INFO - epoch=[3/3]
2025-08-07 05:46:16,608 - INFO - [Epoch 3] Avg Train Acc: 0.9898, Avg F1: 0.9895
2025-08-07 05:46:16,621 - INFO - Saved best model to pth/qaf_3_weibo_epoch3.pth with F1: 0.9895
2025-08-07 05:46:16,752 - INFO - training loss : similarity_loss=0.332127    detection_loss=0.013418
2025-08-07 05:46:16,752 - INFO - training time=18m15s
2025-08-07 05:46:16,851 - INFO - Loaded best model from pth/qaf_3_weibo_epoch3.pth
2025-08-07 05:47:42,992 - INFO - 
              precision    recall  f1-score   support

   Non-Rumor      0.886     0.836     0.860       985
       Rumor      0.844     0.892     0.868       984

    accuracy                          0.864      1969
   macro avg      0.865     0.864     0.864      1969
weighted avg      0.865     0.864     0.864      1969

2025-08-07 05:47:42,998 - INFO - training data size=7445
2025-08-07 05:47:42,998 - INFO - test data size=1969
2025-08-07 05:47:42,998 - INFO - test result: accuracy=0.863890    precision=0.844231    recall=0.892276    f1=0.867589
